Determining if the pthread_create exist failed with the following output:
Change Dir: /home/bseipp/Documents/research/skinrender/CMakeFiles/CMakeTmp

Run Build Command:"/usr/bin/make" "cmTC_14d8d/fast"
/usr/bin/make -f CMakeFiles/cmTC_14d8d.dir/build.make CMakeFiles/cmTC_14d8d.dir/build
make[1]: Entering directory '/home/bseipp/Documents/research/skinrender/CMakeFiles/CMakeTmp'
Building C object CMakeFiles/cmTC_14d8d.dir/CheckSymbolExists.c.o
/usr/bin/gcc     -o CMakeFiles/cmTC_14d8d.dir/CheckSymbolExists.c.o   -c /home/bseipp/Documents/research/skinrender/CMakeFiles/CMakeTmp/CheckSymbolExists.c
Linking C executable cmTC_14d8d
/usr/bin/cmake -E cmake_link_script CMakeFiles/cmTC_14d8d.dir/link.txt --verbose=1
/usr/bin/gcc       CMakeFiles/cmTC_14d8d.dir/CheckSymbolExists.c.o  -o cmTC_14d8d -rdynamic 
CMakeFiles/cmTC_14d8d.dir/CheckSymbolExists.c.o: In function `main':
CheckSymbolExists.c:(.text+0x16): undefined reference to `pthread_create'
collect2: error: ld returned 1 exit status
CMakeFiles/cmTC_14d8d.dir/build.make:97: recipe for target 'cmTC_14d8d' failed
make[1]: *** [cmTC_14d8d] Error 1
make[1]: Leaving directory '/home/bseipp/Documents/research/skinrender/CMakeFiles/CMakeTmp'
Makefile:126: recipe for target 'cmTC_14d8d/fast' failed
make: *** [cmTC_14d8d/fast] Error 2

File /home/bseipp/Documents/research/skinrender/CMakeFiles/CMakeTmp/CheckSymbolExists.c:
/* */
#include <pthread.h>

int main(int argc, char** argv)
{
  (void)argv;
#ifndef pthread_create
  return ((int*)(&pthread_create))[argc];
#else
  (void)argc;
  return 0;
#endif
}

Determining if the function pthread_create exists in the pthreads failed with the following output:
Change Dir: /home/bseipp/Documents/research/skinrender/CMakeFiles/CMakeTmp

Run Build Command:"/usr/bin/make" "cmTC_72698/fast"
/usr/bin/make -f CMakeFiles/cmTC_72698.dir/build.make CMakeFiles/cmTC_72698.dir/build
make[1]: Entering directory '/home/bseipp/Documents/research/skinrender/CMakeFiles/CMakeTmp'
Building C object CMakeFiles/cmTC_72698.dir/CheckFunctionExists.c.o
/usr/bin/gcc    -DCHECK_FUNCTION_EXISTS=pthread_create   -o CMakeFiles/cmTC_72698.dir/CheckFunctionExists.c.o   -c /usr/share/cmake-3.5/Modules/CheckFunctionExists.c
Linking C executable cmTC_72698
/usr/bin/cmake -E cmake_link_script CMakeFiles/cmTC_72698.dir/link.txt --verbose=1
/usr/bin/gcc   -DCHECK_FUNCTION_EXISTS=pthread_create    CMakeFiles/cmTC_72698.dir/CheckFunctionExists.c.o  -o cmTC_72698 -rdynamic -lpthreads 
/usr/bin/ld: cannot find -lpthreads
collect2: error: ld returned 1 exit status
CMakeFiles/cmTC_72698.dir/build.make:97: recipe for target 'cmTC_72698' failed
make[1]: *** [cmTC_72698] Error 1
make[1]: Leaving directory '/home/bseipp/Documents/research/skinrender/CMakeFiles/CMakeTmp'
Makefile:126: recipe for target 'cmTC_72698/fast' failed
make: *** [cmTC_72698/fast] Error 2


Performing C++ SOURCE FILE Test HAVE_DECLSPEC_NOINLINE failed with the following output:
Change Dir: /home/bseipp/Documents/research/skinrender/CMakeFiles/CMakeTmp

Run Build Command:"/usr/bin/make" "cmTC_41a56/fast"
/usr/bin/make -f CMakeFiles/cmTC_41a56.dir/build.make CMakeFiles/cmTC_41a56.dir/build
make[1]: Entering directory '/home/bseipp/Documents/research/skinrender/CMakeFiles/CMakeTmp'
Building CXX object CMakeFiles/cmTC_41a56.dir/src.cxx.o
/usr/bin/g++     -std=gnu++11 -Wno-conversion-null -DHAVE_DECLSPEC_NOINLINE   -o CMakeFiles/cmTC_41a56.dir/src.cxx.o -c /home/bseipp/Documents/research/skinrender/CMakeFiles/CMakeTmp/src.cxx
/home/bseipp/Documents/research/skinrender/CMakeFiles/CMakeTmp/src.cxx:1:11: error: expected constructor, destructor, or type conversion before ‘(’ token
 __declspec(noinline) void foo() { }
           ^
CMakeFiles/cmTC_41a56.dir/build.make:65: recipe for target 'CMakeFiles/cmTC_41a56.dir/src.cxx.o' failed
make[1]: *** [CMakeFiles/cmTC_41a56.dir/src.cxx.o] Error 1
make[1]: Leaving directory '/home/bseipp/Documents/research/skinrender/CMakeFiles/CMakeTmp'
Makefile:126: recipe for target 'cmTC_41a56/fast' failed
make: *** [cmTC_41a56/fast] Error 2

Source file was:
__declspec(noinline) void foo() { }
int main() { }
Compiling the CXX compiler identification source file "CMakeCXXCompilerId.cpp" failed.
Compiler: CMAKE_CXX_COMPILER-NOTFOUND 
Build flags: 
Id flags: 

The output was:
No such file or directory


Compiling the CXX compiler identification source file "CMakeCXXCompilerId.cpp" failed.
Compiler: CMAKE_CXX_COMPILER-NOTFOUND 
Build flags: 
Id flags: -c

The output was:
No such file or directory


Checking whether the CXX compiler is IAR using "" did not match "IAR .+ Compiler":
Determining if the pthread_create exist failed with the following output:
Change Dir: /home/bseipp/Documents/skinrender/CMakeFiles/CMakeTmp

Run Build Command:/usr/bin/gmake "cmTryCompileExec2915831644/fast"
/usr/bin/gmake -f CMakeFiles/cmTryCompileExec2915831644.dir/build.make CMakeFiles/cmTryCompileExec2915831644.dir/build
gmake[1]: Entering directory `/home/bseipp/Documents/skinrender/CMakeFiles/CMakeTmp'
/usr/bin/cmake -E cmake_progress_report /home/bseipp/Documents/skinrender/CMakeFiles/CMakeTmp/CMakeFiles 1
Building C object CMakeFiles/cmTryCompileExec2915831644.dir/CheckSymbolExists.c.o
/usr/bin/cc    -o CMakeFiles/cmTryCompileExec2915831644.dir/CheckSymbolExists.c.o   -c /home/bseipp/Documents/skinrender/CMakeFiles/CMakeTmp/CheckSymbolExists.c
Linking C executable cmTryCompileExec2915831644
/usr/bin/cmake -E cmake_link_script CMakeFiles/cmTryCompileExec2915831644.dir/link.txt --verbose=1
/usr/bin/cc       CMakeFiles/cmTryCompileExec2915831644.dir/CheckSymbolExists.c.o  -o cmTryCompileExec2915831644 -rdynamic 
CMakeFiles/cmTryCompileExec2915831644.dir/CheckSymbolExists.c.o: In function `main':
CheckSymbolExists.c:(.text+0x16): undefined reference to `pthread_create'
collect2: error: ld returned 1 exit status
gmake[1]: *** [cmTryCompileExec2915831644] Error 1
gmake[1]: Leaving directory `/home/bseipp/Documents/skinrender/CMakeFiles/CMakeTmp'
gmake: *** [cmTryCompileExec2915831644/fast] Error 2

File /home/bseipp/Documents/skinrender/CMakeFiles/CMakeTmp/CheckSymbolExists.c:
/* */
#include <pthread.h>

int main(int argc, char** argv)
{
  (void)argv;
#ifndef pthread_create
  return ((int*)(&pthread_create))[argc];
#else
  (void)argc;
  return 0;
#endif
}

Determining if the function pthread_create exists in the pthreads failed with the following output:
Change Dir: /home/bseipp/Documents/skinrender/CMakeFiles/CMakeTmp

Run Build Command:/usr/bin/gmake "cmTryCompileExec1027388865/fast"
/usr/bin/gmake -f CMakeFiles/cmTryCompileExec1027388865.dir/build.make CMakeFiles/cmTryCompileExec1027388865.dir/build
gmake[1]: Entering directory `/home/bseipp/Documents/skinrender/CMakeFiles/CMakeTmp'
/usr/bin/cmake -E cmake_progress_report /home/bseipp/Documents/skinrender/CMakeFiles/CMakeTmp/CMakeFiles 1
Building C object CMakeFiles/cmTryCompileExec1027388865.dir/CheckFunctionExists.c.o
/usr/bin/cc   -DCHECK_FUNCTION_EXISTS=pthread_create   -o CMakeFiles/cmTryCompileExec1027388865.dir/CheckFunctionExists.c.o   -c /usr/share/cmake/Modules/CheckFunctionExists.c
Linking C executable cmTryCompileExec1027388865
/usr/bin/cmake -E cmake_link_script CMakeFiles/cmTryCompileExec1027388865.dir/link.txt --verbose=1
/usr/bin/cc   -DCHECK_FUNCTION_EXISTS=pthread_create    CMakeFiles/cmTryCompileExec1027388865.dir/CheckFunctionExists.c.o  -o cmTryCompileExec1027388865 -rdynamic -lpthreads 
/usr/bin/ld: cannot find -lpthreads
collect2: error: ld returned 1 exit status
gmake[1]: *** [cmTryCompileExec1027388865] Error 1
gmake[1]: Leaving directory `/home/bseipp/Documents/skinrender/CMakeFiles/CMakeTmp'
gmake: *** [cmTryCompileExec1027388865/fast] Error 2


Performing C++ SOURCE FILE Test HAVE_HEX_FP_CONSTANTS failed with the following output:

Source file was:
int main() { float x = 0x1p-32f; }
Performing C++ SOURCE FILE Test HAVE_BINARY_CONSTANTS failed with the following output:

Source file was:
int main() { int x = 0b101011; }
Performing C++ SOURCE FILE Test HAVE_CONSTEXPR failed with the following output:

Source file was:
int main() { constexpr int x = 0; }
Performing C++ SOURCE FILE Test HAVE_ALIGNAS failed with the following output:

Source file was:
struct alignas(32) Foo { char x; }; int main() { }
Performing C++ SOURCE FILE Test HAVE_ALIGNOF failed with the following output:

Source file was:
int main() { int x = alignof(double); }
Performing C++ SOURCE FILE Test HAVE_ITIMER failed with the following output:

Return value: 1
Source file was:

#include <signal.h>
#include <string.h>
#include <sys/time.h>
void ReportProfileSample(int, siginfo_t *, void *) { }
int main() {
    struct sigaction sa;
    memset(&sa, 0, sizeof(sa));
    sa.sa_sigaction = ReportProfileSample;
    sa.sa_flags = SA_RESTART | SA_SIGINFO;
    sigemptyset(&sa.sa_mask);
    sigaction(SIGPROF, &sa, NULL);
    static struct itimerval timer;
    return setitimer(ITIMER_PROF, &timer, NULL) == 0 ? 0 : 1;
}

Performing C++ SOURCE FILE Test HAVE_NONPOD_IN_UNIONS failed with the following output:

Source file was:

class Bar { public: Bar() { x = 0; } float x; };
struct Foo { union { int x[10]; Bar b; }; Foo() : b() { } };
int main() { Foo f; }

Performing C++ SOURCE FILE Test HAVE_MMAP failed with the following output:

Source file was:

#include <fcntl.h>
#include <sys/mman.h>
#include <sys/stat.h>
#include <sys/types.h>
int main() {
   int fd = open("foo", O_RDONLY);
   struct stat s;
   fstat(fd, &s);
   size_t len = s.st_size;
   void *ptr = mmap(0, len, PROT_READ, MAP_FILE | MAP_SHARED, fd, 0);
   munmap(ptr, len);   
}

Performing C++ SOURCE FILE Test HAVE_DECLSPEC_NOINLINE failed with the following output:

Source file was:
__declspec(noinline) void foo() { }
int main() { }
Performing C++ SOURCE FILE Test HAVE_ATTRIBUTE_NOINLINE failed with the following output:

Source file was:
__attribute__((noinline)) void foo() { }
int main() { }
Performing C++ SOURCE FILE Test HAVE__ALIGNED_MALLOC failed with the following output:

Source file was:

#include <malloc.h>
int main() { void * ptr = _aligned_malloc(1024, 32); }

Performing C++ SOURCE FILE Test HAVE_POSIX_MEMALIGN failed with the following output:

Source file was:

#include <stdlib.h>
int main() {
  void *ptr;
  posix_memalign(&ptr, 32, 1024);
} 
Performing C++ SOURCE FILE Test HAVE_MEMALIGN failed with the following output:

Source file was:

#include <malloc.h>
int main() {
    void *ptr = memalign(32, 1024);
} 
Performing C++ SOURCE FILE Test HAVE_THREAD_LOCAL failed with the following output:

Source file was:

#ifdef __CYGWIN__
// Hack to work around https://gcc.gnu.org/bugzilla/show_bug.cgi?id=64697
#error "No thread_local on cygwin"
#endif  // __CYGWIN__
thread_local int x; int main() { }

Performing C++ SOURCE FILE Test HAVE_DECLSPEC_THREAD failed with the following output:

Source file was:

__declspec(thread) int x; int main() { }

Performing C++ SOURCE FILE Test HAVE___THREAD failed with the following output:

Source file was:

__thread int x; int main() { }

Performing C++ SOURCE FILE Test HAVE_GCC_INLINE_ASM_AVX failed with the following output:

Source file was:

	int main()
	{
	 #if defined(__GNUC__) && defined(__SSE2__) 
		 int n   = 0;
		 int eax = 0;
		 int edx = 0;
		 __asm__(
			 "xgetbv     ;"
			 "vzeroupper  "
			 : "=a"(eax), "=d"(edx) : "c"(n) : );
	 #else
		 #error No GCC style inline asm supported for AVX instructions
	 #endif
	}
	
Performing C++ SOURCE FILE Test HAVE_SYSCONF_NPROCESSORS_ONLN failed with the following output:

Source file was:

    #include <unistd.h>
    int main()
    {
        sysconf(_SC_NPROCESSORS_ONLN);
    }
    
Determining if the include file libunwind.h exists failed with the following output:
Change Dir: /home/bseipp/Documents/skinrender/CMakeFiles/CMakeTmp

Run Build Command:"/usr/bin/gmake" "cmTC_4d16e/fast"
gmake[1]: Entering directory `/home/bseipp/Documents/skinrender/CMakeFiles/CMakeTmp'
/usr/bin/gmake -f CMakeFiles/cmTC_4d16e.dir/build.make CMakeFiles/cmTC_4d16e.dir/build
gmake[2]: Entering directory `/home/bseipp/Documents/skinrender/CMakeFiles/CMakeTmp'
Building C object CMakeFiles/cmTC_4d16e.dir/CheckIncludeFile.c.o
/usr/bin/cc    -o CMakeFiles/cmTC_4d16e.dir/CheckIncludeFile.c.o   -c /home/bseipp/Documents/skinrender/CMakeFiles/CMakeTmp/CheckIncludeFile.c
/home/bseipp/Documents/skinrender/CMakeFiles/CMakeTmp/CheckIncludeFile.c:1:23: fatal error: libunwind.h: No such file or directory
 #include <libunwind.h>
                       ^
compilation terminated.
gmake[2]: *** [CMakeFiles/cmTC_4d16e.dir/CheckIncludeFile.c.o] Error 1
gmake[2]: Leaving directory `/home/bseipp/Documents/skinrender/CMakeFiles/CMakeTmp'
gmake[1]: *** [cmTC_4d16e/fast] Error 2
gmake[1]: Leaving directory `/home/bseipp/Documents/skinrender/CMakeFiles/CMakeTmp'


Determining size of unsigned __int16 failed with the following output:
Change Dir: /home/bseipp/Documents/skinrender/CMakeFiles/CMakeTmp

Run Build Command:"/usr/bin/gmake" "cmTC_5b13f/fast"
gmake[1]: Entering directory `/home/bseipp/Documents/skinrender/CMakeFiles/CMakeTmp'
/usr/bin/gmake -f CMakeFiles/cmTC_5b13f.dir/build.make CMakeFiles/cmTC_5b13f.dir/build
gmake[2]: Entering directory `/home/bseipp/Documents/skinrender/CMakeFiles/CMakeTmp'
Building C object CMakeFiles/cmTC_5b13f.dir/HAVE___UINT16.c.o
/usr/bin/cc    -o CMakeFiles/cmTC_5b13f.dir/HAVE___UINT16.c.o   -c /home/bseipp/Documents/skinrender/CMakeFiles/CheckTypeSize/HAVE___UINT16.c
/home/bseipp/Documents/skinrender/CMakeFiles/CheckTypeSize/HAVE___UINT16.c:23:31: error: expected ‘)’ before ‘__int16’
 #define SIZE (sizeof(unsigned __int16))
                               ^
/home/bseipp/Documents/skinrender/CMakeFiles/CheckTypeSize/HAVE___UINT16.c:25:12: note: in expansion of macro ‘SIZE’
   ('0' + ((SIZE / 10000)%10)),
            ^
/home/bseipp/Documents/skinrender/CMakeFiles/CheckTypeSize/HAVE___UINT16.c:23:31: error: expected ‘)’ before ‘__int16’
 #define SIZE (sizeof(unsigned __int16))
                               ^
/home/bseipp/Documents/skinrender/CMakeFiles/CheckTypeSize/HAVE___UINT16.c:26:12: note: in expansion of macro ‘SIZE’
   ('0' + ((SIZE / 1000)%10)),
            ^
/home/bseipp/Documents/skinrender/CMakeFiles/CheckTypeSize/HAVE___UINT16.c:23:31: error: expected ‘)’ before ‘__int16’
 #define SIZE (sizeof(unsigned __int16))
                               ^
/home/bseipp/Documents/skinrender/CMakeFiles/CheckTypeSize/HAVE___UINT16.c:27:12: note: in expansion of macro ‘SIZE’
   ('0' + ((SIZE / 100)%10)),
            ^
/home/bseipp/Documents/skinrender/CMakeFiles/CheckTypeSize/HAVE___UINT16.c:23:31: error: expected ‘)’ before ‘__int16’
 #define SIZE (sizeof(unsigned __int16))
                               ^
/home/bseipp/Documents/skinrender/CMakeFiles/CheckTypeSize/HAVE___UINT16.c:28:12: note: in expansion of macro ‘SIZE’
   ('0' + ((SIZE / 10)%10)),
            ^
/home/bseipp/Documents/skinrender/CMakeFiles/CheckTypeSize/HAVE___UINT16.c:23:31: error: expected ‘)’ before ‘__int16’
 #define SIZE (sizeof(unsigned __int16))
                               ^
/home/bseipp/Documents/skinrender/CMakeFiles/CheckTypeSize/HAVE___UINT16.c:29:12: note: in expansion of macro ‘SIZE’
   ('0' +  (SIZE    % 10)),
            ^
gmake[2]: *** [CMakeFiles/cmTC_5b13f.dir/HAVE___UINT16.c.o] Error 1
gmake[2]: Leaving directory `/home/bseipp/Documents/skinrender/CMakeFiles/CMakeTmp'
gmake[1]: *** [cmTC_5b13f/fast] Error 2
gmake[1]: Leaving directory `/home/bseipp/Documents/skinrender/CMakeFiles/CMakeTmp'

/home/bseipp/Documents/skinrender/CMakeFiles/CheckTypeSize/HAVE___UINT16.c:
#include <sys/types.h>
#include <stdint.h>
#include <stddef.h>


#undef KEY
#if defined(__i386)
# define KEY '_','_','i','3','8','6'
#elif defined(__x86_64)
# define KEY '_','_','x','8','6','_','6','4'
#elif defined(__ppc__)
# define KEY '_','_','p','p','c','_','_'
#elif defined(__ppc64__)
# define KEY '_','_','p','p','c','6','4','_','_'
#elif defined(__aarch64__)
# define KEY '_','_','a','a','r','c','h','6','4','_','_'
#elif defined(__ARM_ARCH_7A__)
# define KEY '_','_','A','R','M','_','A','R','C','H','_','7','A','_','_'
#elif defined(__ARM_ARCH_7S__)
# define KEY '_','_','A','R','M','_','A','R','C','H','_','7','S','_','_'
#endif

#define SIZE (sizeof(unsigned __int16))
char info_size[] =  {'I', 'N', 'F', 'O', ':', 's','i','z','e','[',
  ('0' + ((SIZE / 10000)%10)),
  ('0' + ((SIZE / 1000)%10)),
  ('0' + ((SIZE / 100)%10)),
  ('0' + ((SIZE / 10)%10)),
  ('0' +  (SIZE    % 10)),
  ']',
#ifdef KEY
  ' ','k','e','y','[', KEY, ']',
#endif
  '\0'};

#ifdef __CLASSIC_C__
int main(argc, argv) int argc; char *argv[];
#else
int main(int argc, char *argv[])
#endif
{
  int require = 0;
  require += info_size[argc];
  (void)argv;
  return require;
}


Determining if the function dladdr exists failed with the following output:
Change Dir: /home/bseipp/Documents/skinrender/CMakeFiles/CMakeTmp

Run Build Command:"/usr/bin/gmake" "cmTC_8c9dd/fast"
gmake[1]: Entering directory `/home/bseipp/Documents/skinrender/CMakeFiles/CMakeTmp'
/usr/bin/gmake -f CMakeFiles/cmTC_8c9dd.dir/build.make CMakeFiles/cmTC_8c9dd.dir/build
gmake[2]: Entering directory `/home/bseipp/Documents/skinrender/CMakeFiles/CMakeTmp'
Building C object CMakeFiles/cmTC_8c9dd.dir/CheckFunctionExists.c.o
/usr/bin/cc   -DCHECK_FUNCTION_EXISTS=dladdr   -o CMakeFiles/cmTC_8c9dd.dir/CheckFunctionExists.c.o   -c /usr/share/cmake3/Modules/CheckFunctionExists.c
Linking C executable cmTC_8c9dd
/usr/bin/cmake3 -E cmake_link_script CMakeFiles/cmTC_8c9dd.dir/link.txt --verbose=1
/usr/bin/cc  -DCHECK_FUNCTION_EXISTS=dladdr    -rdynamic CMakeFiles/cmTC_8c9dd.dir/CheckFunctionExists.c.o  -o cmTC_8c9dd 
CMakeFiles/cmTC_8c9dd.dir/CheckFunctionExists.c.o: In function `main':
CheckFunctionExists.c:(.text+0x10): undefined reference to `dladdr'
collect2: error: ld returned 1 exit status
gmake[2]: *** [cmTC_8c9dd] Error 1
gmake[2]: Leaving directory `/home/bseipp/Documents/skinrender/CMakeFiles/CMakeTmp'
gmake[1]: *** [cmTC_8c9dd/fast] Error 2
gmake[1]: Leaving directory `/home/bseipp/Documents/skinrender/CMakeFiles/CMakeTmp'


Determining if the function get_static_proc_name exists in the unwind failed with the following output:
Change Dir: /home/bseipp/Documents/skinrender/CMakeFiles/CMakeTmp

Run Build Command:"/usr/bin/gmake" "cmTC_785e6/fast"
gmake[1]: Entering directory `/home/bseipp/Documents/skinrender/CMakeFiles/CMakeTmp'
/usr/bin/gmake -f CMakeFiles/cmTC_785e6.dir/build.make CMakeFiles/cmTC_785e6.dir/build
gmake[2]: Entering directory `/home/bseipp/Documents/skinrender/CMakeFiles/CMakeTmp'
Building C object CMakeFiles/cmTC_785e6.dir/CheckFunctionExists.c.o
/usr/bin/cc   -DCHECK_FUNCTION_EXISTS=get_static_proc_name   -o CMakeFiles/cmTC_785e6.dir/CheckFunctionExists.c.o   -c /usr/share/cmake3/Modules/CheckFunctionExists.c
Linking C executable cmTC_785e6
/usr/bin/cmake3 -E cmake_link_script CMakeFiles/cmTC_785e6.dir/link.txt --verbose=1
/usr/bin/cc  -DCHECK_FUNCTION_EXISTS=get_static_proc_name    -rdynamic CMakeFiles/cmTC_785e6.dir/CheckFunctionExists.c.o  -o cmTC_785e6 -lunwind 
/usr/bin/ld: cannot find -lunwind
collect2: error: ld returned 1 exit status
gmake[2]: *** [cmTC_785e6] Error 1
gmake[2]: Leaving directory `/home/bseipp/Documents/skinrender/CMakeFiles/CMakeTmp'
gmake[1]: *** [cmTC_785e6/fast] Error 2
gmake[1]: Leaving directory `/home/bseipp/Documents/skinrender/CMakeFiles/CMakeTmp'


Performing C SOURCE FILE Test HAVE_RWLOCK failed with the following output:
Change Dir: /home/bseipp/Documents/skinrender/CMakeFiles/CMakeTmp

Run Build Command:"/usr/bin/gmake" "cmTC_fb6e4/fast"
gmake[1]: Entering directory `/home/bseipp/Documents/skinrender/CMakeFiles/CMakeTmp'
/usr/bin/gmake -f CMakeFiles/cmTC_fb6e4.dir/build.make CMakeFiles/cmTC_fb6e4.dir/build
gmake[2]: Entering directory `/home/bseipp/Documents/skinrender/CMakeFiles/CMakeTmp'
Building C object CMakeFiles/cmTC_fb6e4.dir/src.c.o
/usr/bin/cc   -DHAVE_RWLOCK   -o CMakeFiles/cmTC_fb6e4.dir/src.c.o   -c /home/bseipp/Documents/skinrender/CMakeFiles/CMakeTmp/src.c
Linking C executable cmTC_fb6e4
/usr/bin/cmake3 -E cmake_link_script CMakeFiles/cmTC_fb6e4.dir/link.txt --verbose=1
/usr/bin/cc  -DHAVE_RWLOCK    -rdynamic CMakeFiles/cmTC_fb6e4.dir/src.c.o  -o cmTC_fb6e4 
CMakeFiles/cmTC_fb6e4.dir/src.c.o: In function `main':
src.c:(.text+0x15): undefined reference to `pthread_rwlock_init'
src.c:(.text+0x21): undefined reference to `pthread_rwlock_rdlock'
collect2: error: ld returned 1 exit status
gmake[2]: *** [cmTC_fb6e4] Error 1
gmake[2]: Leaving directory `/home/bseipp/Documents/skinrender/CMakeFiles/CMakeTmp'
gmake[1]: *** [cmTC_fb6e4/fast] Error 2
gmake[1]: Leaving directory `/home/bseipp/Documents/skinrender/CMakeFiles/CMakeTmp'

Source file was:

#define _XOPEN_SOURCE 500
#include <pthread.h>
int main(void)
{
  pthread_rwlock_t l;
  pthread_rwlock_init(&l, NULL);
  pthread_rwlock_rdlock(&l);
  return 0;
}

Performing C SOURCE FILE Test HAVE___DECLSPEC failed with the following output:
Change Dir: /home/bseipp/Documents/skinrender/CMakeFiles/CMakeTmp

Run Build Command:"/usr/bin/gmake" "cmTC_bd60e/fast"
gmake[1]: Entering directory `/home/bseipp/Documents/skinrender/CMakeFiles/CMakeTmp'
/usr/bin/gmake -f CMakeFiles/cmTC_bd60e.dir/build.make CMakeFiles/cmTC_bd60e.dir/build
gmake[2]: Entering directory `/home/bseipp/Documents/skinrender/CMakeFiles/CMakeTmp'
Building C object CMakeFiles/cmTC_bd60e.dir/src.c.o
/usr/bin/cc   -DHAVE___DECLSPEC   -o CMakeFiles/cmTC_bd60e.dir/src.c.o   -c /home/bseipp/Documents/skinrender/CMakeFiles/CMakeTmp/src.c
/home/bseipp/Documents/skinrender/CMakeFiles/CMakeTmp/src.c: In function ‘__declspec’:
/home/bseipp/Documents/skinrender/CMakeFiles/CMakeTmp/src.c:3:16: error: expected ‘=’, ‘,’, ‘;’, ‘asm’ or ‘__attribute__’ before ‘{’ token
 int main(void) { return 0; }
                ^
/home/bseipp/Documents/skinrender/CMakeFiles/CMakeTmp/src.c:2:27: error: declaration for parameter ‘a’ but no such parameter
 __declspec(selectany) int a;
                           ^
/home/bseipp/Documents/skinrender/CMakeFiles/CMakeTmp/src.c:3:16: error: expected ‘{’ at end of input
 int main(void) { return 0; }
                ^
gmake[2]: *** [CMakeFiles/cmTC_bd60e.dir/src.c.o] Error 1
gmake[2]: Leaving directory `/home/bseipp/Documents/skinrender/CMakeFiles/CMakeTmp'
gmake[1]: *** [cmTC_bd60e/fast] Error 2
gmake[1]: Leaving directory `/home/bseipp/Documents/skinrender/CMakeFiles/CMakeTmp'

Source file was:

__declspec(selectany) int a;
int main(void) { return 0; }

Performing C++ SOURCE FILE Test STL_NO_NAMESPACE failed with the following output:
Change Dir: /home/bseipp/Documents/skinrender/CMakeFiles/CMakeTmp

Run Build Command:"/usr/bin/gmake" "cmTC_8f783/fast"
gmake[1]: Entering directory `/home/bseipp/Documents/skinrender/CMakeFiles/CMakeTmp'
/usr/bin/gmake -f CMakeFiles/cmTC_8f783.dir/build.make CMakeFiles/cmTC_8f783.dir/build
gmake[2]: Entering directory `/home/bseipp/Documents/skinrender/CMakeFiles/CMakeTmp'
Building CXX object CMakeFiles/cmTC_8f783.dir/src.cxx.o
/usr/bin/c++    -std=gnu++11 -Wno-conversion-null -DSTL_NO_NAMESPACE   -o CMakeFiles/cmTC_8f783.dir/src.cxx.o -c /home/bseipp/Documents/skinrender/CMakeFiles/CMakeTmp/src.cxx
/home/bseipp/Documents/skinrender/CMakeFiles/CMakeTmp/src.cxx:3:1: error: ‘vector’ does not name a type
 vector<int> t; int main() { }
 ^
gmake[2]: *** [CMakeFiles/cmTC_8f783.dir/src.cxx.o] Error 1
gmake[2]: Leaving directory `/home/bseipp/Documents/skinrender/CMakeFiles/CMakeTmp'
gmake[1]: *** [cmTC_8f783/fast] Error 2
gmake[1]: Leaving directory `/home/bseipp/Documents/skinrender/CMakeFiles/CMakeTmp'

Source file was:

#include <vector>
vector<int> t; int main() { }

